<?xml version="1.0" encoding="UTF-8"?>
<!-- Generated by org.testng.reporters.JUnitXMLReporter -->
<testsuite ignored="2" hostname="SRI-NB0234" failures="0" tests="1" name="Default test" time="25.988" errors="0" timestamp="02 May 2020 13:59:08 GMT">
  <testcase classname="com.ism.testcases.LoginPageTest" name="languagePopup2" time="3.542"/>
  <testcase classname="com.ism.testcases.LoginPageTest" name="sucessfullyLogin" time="0.0">
    <ignored/>
  </testcase> <!-- sucessfullyLogin -->
  <testcase classname="com.ism.testcases.LoginPageTest" name="sucessfullyLogin2" time="0.0">
    <ignored/>
  </testcase> <!-- sucessfullyLogin2 -->
</testsuite> <!-- Default test -->
