<?xml version="1.0" encoding="UTF-8"?>
<testng-results ignored="2" total="3" passed="1" failed="0" skipped="0">
  <reporter-output>
  </reporter-output>
  <suite started-at="2020-05-02T13:58:42Z" name="Default suite" finished-at="2020-05-02T13:59:08Z" duration-ms="25988">
    <groups>
    </groups>
    <test started-at="2020-05-02T13:58:42Z" name="Default test" finished-at="2020-05-02T13:59:08Z" duration-ms="25988">
      <class name="com.ism.testcases.LoginPageTest">
        <test-method is-config="true" signature="setUp()[pri:0, instance:com.ism.testcases.LoginPageTest@1a0dcaa]" started-at="2020-05-02T19:28:42Z" name="setUp" finished-at="2020-05-02T19:29:02Z" duration-ms="19748" status="PASS">
          <reporter-output>
          </reporter-output>
        </test-method> <!-- setUp -->
        <test-method signature="languagePopup2()[pri:0, instance:com.ism.testcases.LoginPageTest@1a0dcaa]" started-at="2020-05-02T19:29:02Z" name="languagePopup2" description="Navigate to NL store via language selector popup" finished-at="2020-05-02T19:29:05Z" duration-ms="3542" status="PASS">
          <reporter-output>
          </reporter-output>
        </test-method> <!-- languagePopup2 -->
        <test-method is-config="true" signature="tearDown()[pri:0, instance:com.ism.testcases.LoginPageTest@1a0dcaa]" started-at="2020-05-02T19:29:05Z" name="tearDown" finished-at="2020-05-02T19:29:08Z" duration-ms="2685" status="PASS">
          <reporter-output>
          </reporter-output>
        </test-method> <!-- tearDown -->
      </class> <!-- com.ism.testcases.LoginPageTest -->
    </test> <!-- Default test -->
  </suite> <!-- Default suite -->
</testng-results>
